<?xml version="1.0" encoding="UTF-8"?>
<!-- Generated by org.testng.reporters.JUnitReportReporter -->
<testsuite hostname="DESKTOP-AMT822B" failures="0" tests="1" name="testPackage.TestInvalidLogin" time="30.954" errors="0" timestamp="2023-04-29T20:57:16 IST" skipped="0">
  <testcase classname="testPackage.TestInvalidLogin" name="invalidLogin" time="30.954"/>
  <system-out/>
</testsuite> <!-- testPackage.TestInvalidLogin -->
