<?xml version="1.0" encoding="UTF-8"?>
<!-- Generated by org.testng.reporters.JUnitReportReporter -->
<testsuite hostname="DESKTOP-AMT822B" failures="0" tests="1" name="testPackage.TestValidLogin" time="3.821" errors="0" timestamp="2023-04-29T20:57:54 IST" skipped="0">
  <testcase classname="testPackage.TestValidLogin" name="validLogin" time="3.821"/>
  <system-out/>
</testsuite> <!-- testPackage.TestValidLogin -->
