<?xml version="1.0" encoding="UTF-8"?>
<!-- Generated by org.testng.reporters.JUnitReportReporter -->
<testsuite hostname="DESKTOP-AMT822B" failures="0" tests="2" name="testngExecution.MethodsExe" time="0.033" errors="0" timestamp="2023-04-29T08:07:19 IST" skipped="0">
  <testcase classname="testngExecution.MethodsExe" name="method2" time="0.016"/>
  <system-out>
    <![CDATA[28 is the threadid
method2]]>
  </system-out>
  <testcase classname="testngExecution.MethodsExe" name="method1" time="0.017"/>
  <system-out>
    <![CDATA[27 is the threadid
method1]]>
  </system-out>
</testsuite> <!-- testngExecution.MethodsExe -->
