<?xml version="1.0" encoding="UTF-8"?>
<!-- Generated by org.testng.reporters.JUnitReportReporter -->
<testsuite hostname="DESKTOP-AMT822B" failures="0" tests="1" name="testngExecution.TestngClass2" time="17.996" errors="0" timestamp="2023-03-28T19:31:08 IST" skipped="0">
  <testcase classname="testngExecution.TestngClass2" name="search2" time="17.996"/>
  <system-out/>
</testsuite> <!-- testngExecution.TestngClass2 -->
