<?xml version="1.0" encoding="UTF-8"?>
<!-- Generated by org.testng.reporters.JUnitReportReporter -->
<testsuite hostname="DESKTOP-AMT822B" failures="0" tests="1" name="testngannotations.GoogleLaunchTest" time="77.698" errors="0" timestamp="2023-03-28T19:35:16 IST" skipped="0">
  <testcase classname="testngannotations.GoogleLaunchTest" name="googletest" time="77.698"/>
  <system-out/>
</testsuite> <!-- testngannotations.GoogleLaunchTest -->
