<?xml version="1.0" encoding="UTF-8"?>
<!-- Generated by org.testng.reporters.JUnitReportReporter -->
<testsuite hostname="DESKTOP-AMT822B" failures="0" tests="3" name="testNG.Demo3" time="0.012" errors="0" timestamp="2023-03-27T19:03:19 IST" skipped="0">
  <testcase classname="testNG.Demo3" name="dm5" time="0.004"/>
  <system-out>
    <![CDATA[method name is dm5]]>
  </system-out>
  <testcase classname="testNG.Demo3" name="dm3" time="0.002"/>
  <system-out>
    <![CDATA[method name is dm3]]>
  </system-out>
  <testcase classname="testNG.Demo3" name="dm4" time="0.006"/>
  <system-out>
    <![CDATA[method name is dm4]]>
  </system-out>
</testsuite> <!-- testNG.Demo3 -->
