<?xml version="1.0" encoding="UTF-8"?>
<!-- Generated by org.testng.reporters.JUnitReportReporter -->
<testsuite hostname="DESKTOP-AMT822B" failures="0" tests="10" name="testngFlag.Flag5" time="0.056" errors="0" timestamp="2023-03-30T20:15:11 IST" skipped="0">
  <testcase classname="testngFlag.Flag5" name="ftc" time="0.003"/>
  <system-out>
    <![CDATA[FTC is executing!!]]>
  </system-out>
  <testcase classname="testngFlag.Flag5" name="ftc" time="0.004"/>
  <system-out>
    <![CDATA[FTC is executing!!]]>
  </system-out>
  <testcase classname="testngFlag.Flag5" name="ftc" time="0.018"/>
  <system-out>
    <![CDATA[FTC is executing!!]]>
  </system-out>
  <testcase classname="testngFlag.Flag5" name="ftc" time="0.005"/>
  <system-out>
    <![CDATA[FTC is executing!!]]>
  </system-out>
  <testcase classname="testngFlag.Flag5" name="ftc" time="0.005"/>
  <system-out>
    <![CDATA[FTC is executing!!]]>
  </system-out>
  <testcase classname="testngFlag.Flag5" name="ftc" time="0.004"/>
  <system-out>
    <![CDATA[FTC is executing!!]]>
  </system-out>
  <testcase classname="testngFlag.Flag5" name="ftc" time="0.006"/>
  <system-out>
    <![CDATA[FTC is executing!!]]>
  </system-out>
  <testcase classname="testngFlag.Flag5" name="ftc" time="0.004"/>
  <system-out>
    <![CDATA[FTC is executing!!]]>
  </system-out>
  <testcase classname="testngFlag.Flag5" name="ftc" time="0.003"/>
  <system-out>
    <![CDATA[FTC is executing!!]]>
  </system-out>
  <testcase classname="testngFlag.Flag5" name="ftc" time="0.004"/>
  <system-out>
    <![CDATA[FTC is executing!!]]>
  </system-out>
</testsuite> <!-- testngFlag.Flag5 -->
