<?xml version="1.0" encoding="UTF-8"?>
<!-- Generated by org.testng.reporters.JUnitReportReporter -->
<testsuite hostname="DESKTOP-AMT822B" failures="0" tests="2" name="testngExecution.MethodsExe" time="0.019" errors="0" timestamp="2023-03-28T19:49:28 IST" skipped="0">
  <testcase classname="testngExecution.MethodsExe" name="method1" time="0.015"/>
  <system-out>
    <![CDATA[1 is the threadid
method1]]>
  </system-out>
  <testcase classname="testngExecution.MethodsExe" name="method2" time="0.004"/>
  <system-out>
    <![CDATA[1 is the threadid
method2]]>
  </system-out>
</testsuite> <!-- testngExecution.MethodsExe -->
