<?xml version="1.0" encoding="UTF-8"?>
<!-- Generated by org.testng.reporters.JUnitReportReporter -->
<testsuite hostname="DESKTOP-AMT822B" failures="0" tests="9" name="testngFlag.Flag3_1" time="0.064" errors="0" timestamp="2023-04-12T18:15:59 IST" skipped="0">
  <testcase classname="testngFlag.Flag3_1" name="z" time="0.019"/>
  <system-out>
    <![CDATA[z]]>
  </system-out>
  <testcase classname="testngFlag.Flag3_1" name="b" time="0.009"/>
  <system-out>
    <![CDATA[b]]>
  </system-out>
  <testcase classname="testngFlag.Flag3_1" name="k" time="0.007"/>
  <system-out>
    <![CDATA[k]]>
  </system-out>
  <testcase classname="testngFlag.Flag3_1" name="l" time="0.007"/>
  <system-out>
    <![CDATA[l]]>
  </system-out>
  <testcase classname="testngFlag.Flag3_1" name="a" time="0.002"/>
  <system-out>
    <![CDATA[a]]>
  </system-out>
  <testcase classname="testngFlag.Flag3_1" name="g" time="0.004"/>
  <system-out>
    <![CDATA[g]]>
  </system-out>
  <testcase classname="testngFlag.Flag3_1" name="h" time="0.006"/>
  <system-out>
    <![CDATA[h]]>
  </system-out>
  <testcase classname="testngFlag.Flag3_1" name="p" time="0.002"/>
  <system-out>
    <![CDATA[p]]>
  </system-out>
  <testcase classname="testngFlag.Flag3_1" name="m" time="0.008"/>
  <system-out>
    <![CDATA[m]]>
  </system-out>
</testsuite> <!-- testngFlag.Flag3_1 -->
