<?xml version="1.0" encoding="UTF-8"?>
<!-- Generated by org.testng.reporters.JUnitReportReporter -->
<testsuite hostname="DESKTOP-AMT822B" failures="0" tests="3" name="testngannotations.TestAnnotations" time="0.022" errors="0" timestamp="2023-03-27T19:40:22 IST" skipped="0">
  <testcase classname="testngannotations.TestAnnotations" name="g" time="0.005"/>
  <system-out>
    <![CDATA[second test]]>
  </system-out>
  <testcase classname="testngannotations.TestAnnotations" name="f" time="0.012"/>
  <system-out>
    <![CDATA[first test]]>
  </system-out>
  <testcase classname="testngannotations.TestAnnotations" name="h" time="0.005"/>
  <system-out>
    <![CDATA[Third test]]>
  </system-out>
</testsuite> <!-- testngannotations.TestAnnotations -->
