<?xml version="1.0" encoding="UTF-8"?>
<!-- Generated by org.testng.reporters.JUnitReportReporter -->
<testsuite hostname="DESKTOP-AMT822B" failures="0" tests="3" name="testNG.Demo" time="0.005" errors="0" timestamp="2023-03-27T19:03:19 IST" skipped="0">
  <testcase classname="testNG.Demo" name="f" time="0.001"/>
  <system-out>
    <![CDATA[Hello Guys]]>
  </system-out>
  <testcase classname="testNG.Demo" name="m1" time="0.002"/>
  <system-out>
    <![CDATA[I am chatgpt]]>
  </system-out>
  <testcase classname="testNG.Demo" name="m2" time="0.002"/>
  <system-out>
    <![CDATA[How I can help you]]>
  </system-out>
</testsuite> <!-- testNG.Demo -->
