<?xml version="1.0" encoding="UTF-8"?>
<!-- Generated by org.testng.reporters.JUnitReportReporter -->
<testsuite hostname="DESKTOP-AMT822B" failures="0" tests="3" name="testngFlag.Flag4" time="0.021" errors="0" timestamp="2023-03-30T20:09:11 IST" skipped="0">
  <testcase classname="testngFlag.Flag4" name="logOut" time="0.015"/>
  <system-out>
    <![CDATA[Logged out!]]>
  </system-out>
  <testcase classname="testngFlag.Flag4" name="login" time="0.003"/>
  <system-out>
    <![CDATA[Logged in!!]]>
  </system-out>
  <testcase classname="testngFlag.Flag4" name="createUser" time="0.003"/>
  <system-out>
    <![CDATA[User Created!!]]>
  </system-out>
</testsuite> <!-- testngFlag.Flag4 -->
