<?xml version="1.0" encoding="UTF-8"?>
<!-- Generated by org.testng.reporters.JUnitReportReporter -->
<testsuite hostname="DESKTOP-AMT822B" failures="0" tests="3" name="testngFlag.Flag6" time="0.029" errors="0" timestamp="2023-04-28T20:32:48 IST" skipped="0">
  <testcase classname="testngFlag.Flag6" name="logOut" time="0.008"/>
  <system-out>
    <![CDATA[Logged out!]]>
  </system-out>
  <testcase classname="testngFlag.Flag6" name="createUser" time="0.004"/>
  <system-out>
    <![CDATA[User Created!!]]>
  </system-out>
  <testcase classname="testngFlag.Flag6" name="login" time="0.017"/>
  <system-out>
    <![CDATA[Logged in!!]]>
  </system-out>
</testsuite> <!-- testngFlag.Flag6 -->
