<?xml version="1.0" encoding="UTF-8"?>
<!-- Generated by org.testng.reporters.JUnitReportReporter -->
<testsuite hostname="DESKTOP-AMT822B" failures="0" tests="18" name="testngFlag.GroupExecution" time="0.095" errors="0" timestamp="2023-04-28T22:46:36 IST" skipped="0">
  <testcase classname="testngFlag.GroupExecution" name="stc6" time="0.002"/>
  <system-out>
    <![CDATA[STC6 is executed!!]]>
  </system-out>
  <testcase classname="testngFlag.GroupExecution" name="ftc3" time="0.006"/>
  <system-out>
    <![CDATA[FTC3 is executed!!]]>
  </system-out>
  <testcase classname="testngFlag.GroupExecution" name="itc5" time="0.006"/>
  <system-out>
    <![CDATA[ITC5 is executed!!]]>
  </system-out>
  <testcase classname="testngFlag.GroupExecution" name="ftc2" time="0.004"/>
  <system-out>
    <![CDATA[FTC2 is executed!!]]>
  </system-out>
  <testcase classname="testngFlag.GroupExecution" name="ftc6" time="0.003"/>
  <system-out>
    <![CDATA[FTC6 is executed!!]]>
  </system-out>
  <testcase classname="testngFlag.GroupExecution" name="ftc5" time="0.007"/>
  <system-out>
    <![CDATA[FTC5 is executed!!]]>
  </system-out>
  <testcase classname="testngFlag.GroupExecution" name="stc1" time="0.003"/>
  <system-out>
    <![CDATA[STC1 is executed!!]]>
  </system-out>
  <testcase classname="testngFlag.GroupExecution" name="itc1" time="0.005"/>
  <system-out>
    <![CDATA[ITC1 is executed!!]]>
  </system-out>
  <testcase classname="testngFlag.GroupExecution" name="itc2" time="0.004"/>
  <system-out>
    <![CDATA[ITC2 is executed!!]]>
  </system-out>
  <testcase classname="testngFlag.GroupExecution" name="stc2" time="0.003"/>
  <system-out>
    <![CDATA[STC2 is executed!!]]>
  </system-out>
  <testcase classname="testngFlag.GroupExecution" name="stc4" time="0.003"/>
  <system-out>
    <![CDATA[STC4 is executed!!]]>
  </system-out>
  <testcase classname="testngFlag.GroupExecution" name="itc4" time="0.004"/>
  <system-out>
    <![CDATA[ITC4 is executed!!]]>
  </system-out>
  <testcase classname="testngFlag.GroupExecution" name="stc5" time="0.005"/>
  <system-out>
    <![CDATA[STC5 is executed!!]]>
  </system-out>
  <testcase classname="testngFlag.GroupExecution" name="itc3" time="0.004"/>
  <system-out>
    <![CDATA[ITC3 is executed!!]]>
  </system-out>
  <testcase classname="testngFlag.GroupExecution" name="ftc4" time="0.006"/>
  <system-out>
    <![CDATA[FTC4 is executed!!]]>
  </system-out>
  <testcase classname="testngFlag.GroupExecution" name="ftc1" time="0.021"/>
  <system-out>
    <![CDATA[FTC1 is executed!!]]>
  </system-out>
  <testcase classname="testngFlag.GroupExecution" name="stc3" time="0.005"/>
  <system-out>
    <![CDATA[STC3 is executed!!]]>
  </system-out>
  <testcase classname="testngFlag.GroupExecution" name="itc6" time="0.004"/>
  <system-out>
    <![CDATA[ITC6 is executed!!]]>
  </system-out>
</testsuite> <!-- testngFlag.GroupExecution -->
