<?xml version="1.0" encoding="UTF-8"?>
<!-- Generated by org.testng.reporters.JUnitReportReporter -->
<testsuite hostname="DESKTOP-AMT822B" failures="0" tests="1" name="testngFlag.Flag3" time="0.015" errors="0" timestamp="2023-03-30T19:55:49 IST" skipped="0">
  <testcase classname="testngFlag.Flag3" name="createAccount" time="0.015"/>
  <system-out>
    <![CDATA[Account Created Successfully!!]]>
  </system-out>
</testsuite> <!-- testngFlag.Flag3 -->
