<?xml version="1.0" encoding="UTF-8"?>
<!-- Generated by org.testng.reporters.JUnitReportReporter -->
<testsuite hostname="DESKTOP-AMT822B" failures="0" tests="1" name="testngFlag.Flag2" time="0.019" errors="0" timestamp="2023-03-30T19:51:12 IST" skipped="0">
  <testcase classname="testngFlag.Flag2" name="search1" time="0.019"/>
  <system-out>
    <![CDATA[SQL search]]>
  </system-out>
</testsuite> <!-- testngFlag.Flag2 -->
